2024-03-03 23:38:41,043 - modules.wa_sentiment_lib - DEBUG - debug message
2024-03-03 23:38:41,044 - modules.wa_sentiment_lib - INFO - info message
2024-03-03 23:38:41,044 - modules.wa_sentiment_lib - WARNING - warn message
2024-03-03 23:38:41,044 - modules.wa_sentiment_lib - ERROR - error message
2024-03-03 23:38:41,044 - modules.wa_sentiment_lib - CRITICAL - critical message
2024-03-04 00:29:33,469 - modules.wa_sentiment_lib - DEBUG - debug message
2024-03-04 00:29:33,469 - modules.wa_sentiment_lib - INFO - info message
2024-03-04 00:29:33,470 - modules.wa_sentiment_lib - WARNING - warn message
2024-03-04 00:29:33,470 - modules.wa_sentiment_lib - ERROR - error message
2024-03-04 00:29:33,470 - modules.wa_sentiment_lib - CRITICAL - critical message
2024-03-04 00:36:45,092 - modules.wa_sentiment_lib - DEBUG - debug message
2024-03-04 00:36:45,093 - modules.wa_sentiment_lib - INFO - info message
2024-03-04 00:36:45,093 - modules.wa_sentiment_lib - WARNING - warn message
2024-03-04 00:36:45,093 - modules.wa_sentiment_lib - ERROR - error message
2024-03-04 00:36:45,093 - modules.wa_sentiment_lib - CRITICAL - critical message
2024-03-04 00:40:16,894 - modules.wa_sentiment_lib - DEBUG - debug message
2024-03-04 00:40:16,894 - modules.wa_sentiment_lib - INFO - info message
2024-03-04 00:40:16,895 - modules.wa_sentiment_lib - WARNING - warn message
2024-03-04 00:40:16,895 - modules.wa_sentiment_lib - ERROR - error message
2024-03-04 00:40:16,895 - modules.wa_sentiment_lib - CRITICAL - critical message
2024-03-04 12:22:11,691 - modules.wa_sentiment_lib - DEBUG - debug message
2024-03-04 12:22:11,691 - modules.wa_sentiment_lib - INFO - info message
2024-03-04 12:22:11,697 - modules.wa_sentiment_lib - WARNING - warn message
2024-03-04 12:22:11,697 - modules.wa_sentiment_lib - ERROR - error message
2024-03-04 12:22:11,697 - modules.wa_sentiment_lib - CRITICAL - critical message
2024-03-04 12:24:50,876 - modules.wa_sentiment_lib - DEBUG - debug message
2024-03-04 12:24:50,876 - modules.wa_sentiment_lib - INFO - info message
2024-03-04 12:24:50,878 - modules.wa_sentiment_lib - WARNING - warn message
2024-03-04 12:24:50,878 - modules.wa_sentiment_lib - ERROR - error message
2024-03-04 12:24:50,878 - modules.wa_sentiment_lib - CRITICAL - critical message
2024-03-04 13:29:42,617 - modules.wa_sentiment_lib - DEBUG - debug message
2024-03-04 13:29:42,618 - modules.wa_sentiment_lib - INFO - info message
2024-03-04 13:29:42,618 - modules.wa_sentiment_lib - WARNING - warn message
2024-03-04 13:29:42,619 - modules.wa_sentiment_lib - ERROR - error message
2024-03-04 13:29:42,619 - modules.wa_sentiment_lib - CRITICAL - critical message
2024-03-04 17:29:53,704 - modules.wa_sentiment_lib - DEBUG - debug message
2024-03-04 17:29:53,705 - modules.wa_sentiment_lib - INFO - info message
2024-03-04 17:29:53,705 - modules.wa_sentiment_lib - WARNING - warn message
2024-03-04 17:29:53,706 - modules.wa_sentiment_lib - ERROR - error message
2024-03-04 17:29:53,706 - modules.wa_sentiment_lib - CRITICAL - critical message
2024-03-04 17:33:25,421 - modules.wa_sentiment_lib - DEBUG - debug message
2024-03-04 17:33:25,421 - modules.wa_sentiment_lib - INFO - info message
2024-03-04 17:33:25,421 - modules.wa_sentiment_lib - WARNING - warn message
2024-03-04 17:33:25,422 - modules.wa_sentiment_lib - ERROR - error message
2024-03-04 17:33:25,422 - modules.wa_sentiment_lib - CRITICAL - critical message
